===== bash tool/check_ai_generated_code_smells.sh =====
ai-smells|no-targets
exit=0
===== bash tool/check_context_mounted.sh =====
🔍 Checking for missing context.mounted checks after async operations...
✅ All async operations properly check context.mounted
exit=0
===== bash tool/check_cubit_isclosed.sh =====
🔍 Checking for missing isClosed checks before emit() in cubits...
✅ All emit() calls properly check isClosed in async contexts
exit=0
===== bash tool/check_dialog_controller_dispose.sh =====
🔍 Checking for dialog + controller dispose anti-pattern...
✅ No dialog + controller dispose anti-pattern detected
exit=0
===== bash tool/check_concurrent_modification.sh =====
🔍 Checking for potential concurrent modification issues...
✅ No potential concurrent modification issues detected
exit=0
===== bash tool/check_compute_lifecycle.sh =====
🔍 Checking for compute() usage in lifecycle methods (heuristic)...
✅ No compute() usage detected in files with lifecycle methods
exit=0
===== bash tool/check_lifecycle_error_handling.sh =====
🔍 Checking for direct ScaffoldMessenger snackbar usage (use ErrorHandling)...
✅ No direct snackbar usage (ErrorHandling used)

🔍 Checking for stream.listen() without onError...
✅ All .listen() have onError (or ignored)

🔍 Checking for context.mounted after await show*Dialog...
✅ All await show*Dialog usages check context.mounted (or ignored)

✅ All lifecycle and error-handling checks passed
exit=0
===== bash tool/check_direct_getit.sh =====
🔍 Checking for direct GetIt usage in presentation layer...
✅ No direct GetIt usage in presentation layer
exit=0
===== bash tool/check_no_hive_openbox.sh =====
🔍 Checking for direct Hive.openBox usage...
✅ No direct Hive.openBox usage found
exit=0
===== bash tool/check_raw_timer.sh =====
🔍 Checking for raw Timer usage...
✅ No raw Timer usage found
exit=0
===== bash tool/check_raw_future_delayed.sh =====
🔍 Checking for Future.delayed in lib/ (use TimerService where cancellation/test control matters)...
✅ No disallowed Future.delayed usage in lib/
exit=0
===== bash tool/check_raw_print.sh =====
🔍 Checking for raw print()/debugPrint() usage...
✅ No raw print() usage found
exit=0
===== bash tool/check_memory_missing_dispose.sh =====
🔍 Checking for controller usage without dispose()...
✅ No missing dispose() candidates detected
exit=0
===== bash tool/check_perf_nonbuilder_lists.sh =====
🔍 Checking for dynamic non-builder ListView/GridView in presentation...
✅ No dynamic non-builder ListView/GridView usage detected
exit=0
===== bash tool/check_live_state_list_indexing.sh =====
🔍 Checking for live state-list indexing in presentation builders...
✅ No live state-list indexing risk found
exit=0
===== bash tool/check_widget_identity.sh =====
Checking widget identity fixtures...
Running build hooks...Running build hooks...✅ widget identity: no issues found
Checking for widget identity drift (keys, builders, switchers)...
Running build hooks...Running build hooks...✅ widget identity: no issues found
exit=0
===== bash tool/check_hardcoded_colors.sh =====
🔍 Checking for hard-coded colors in presentation layer...
✅ No hard-coded colors found
exit=0
===== bash tool/check_missing_localizations.sh =====
🔍 Checking for missing localization keys across ARB files...
✅ Localization keys are consistent across ARB files
exit=0
Running flutter analyze...
Note: Native analyzer plugins (like file_length_lint) run automatically with flutter analyze
Resolving dependencies...
Downloading packages...
  _fe_analyzer_shared 91.0.0 (100.0.0 available)
  _flutterfire_internals 1.3.69 (1.3.70 available)
  analysis_server_plugin 0.3.3 (0.3.15 available)
! analyzer 8.4.1 (overridden) (13.0.0 available)
  analyzer_plugin 0.13.10 (0.14.9 available)
  app_links 6.4.1 (7.0.0 available)
  cli_util 0.4.2 (0.5.1 available)
  cloud_firestore 6.3.0 (6.4.0 available)
  cloud_firestore_platform_interface 7.2.0 (8.0.0 available)
  cloud_firestore_web 5.3.0 (5.4.0 available)
  cloud_functions 6.2.0 (6.3.0 available)
  cloud_functions_platform_interface 5.8.12 (6.0.0 available)
  cloud_functions_web 5.1.5 (5.1.6 available)
  custom_lint_core 0.8.1 (0.8.2 available)
! dart_style 3.1.3 (overridden) (3.1.9 available)
  device_info_plus 12.4.0 (13.1.0 available)
  device_info_plus_platform_interface 7.0.3 (8.1.0 available)
! email_validator 3.0.0 (overridden)
  firebase_analytics 12.3.0 (12.4.0 available)
  firebase_analytics_platform_interface 5.1.1 (6.0.0 available)
  firebase_analytics_web 0.6.1+5 (0.6.1+6 available)
  firebase_app_check 0.4.3 (0.4.4 available)
  firebase_app_check_platform_interface 0.3.0 (0.4.0 available)
  firebase_app_check_web 0.2.4 (0.2.4+1 available)
  firebase_auth 6.4.0 (6.5.0 available)
  firebase_auth_platform_interface 8.1.9 (9.0.0 available)
  firebase_auth_web 6.1.5 (6.2.0 available)
  firebase_core 4.7.0 (4.8.0 available)
  firebase_core_platform_interface 6.0.3 (7.0.0 available)
  firebase_core_web 3.6.0 (3.6.1 available)
  firebase_crashlytics 5.2.0 (5.2.1 available)
  firebase_crashlytics_platform_interface 3.8.20 (3.8.21 available)
  firebase_database 12.3.0 (12.4.0 available)
  firebase_database_platform_interface 0.3.1+1 (0.4.0 available)
  firebase_database_web 0.2.7+6 (0.2.7+7 available)
  firebase_messaging 16.2.0 (16.2.1 available)
  firebase_messaging_platform_interface 4.7.9 (4.7.10 available)
  firebase_messaging_web 4.1.5 (4.1.6 available)
  firebase_remote_config 6.4.0 (6.5.0 available)
  firebase_remote_config_platform_interface 2.1.2 (3.0.0 available)
  firebase_remote_config_web 1.10.6 (1.10.7 available)
  firebase_storage 13.3.0 (13.4.0 available)
  firebase_storage_platform_interface 5.2.20 (6.0.0 available)
  firebase_storage_web 3.11.5 (3.11.6 available)
  flutter_secure_storage_windows 4.1.0 (4.2.0 available)
  genui 0.7.0 (0.9.0 available)
  genui_google_generative_ai 0.7.1 (discontinued)
  golden_toolkit 0.15.0 (discontinued)
  google_cloud_ai_generativelanguage_v1beta 0.4.0 (0.5.2 available)
  google_cloud_longrunning 0.4.0 (0.5.2 available)
  google_cloud_protobuf 0.4.0 (0.5.2 available)
  google_cloud_rpc 0.4.0 (0.5.2 available)
  google_cloud_type 0.4.0 (0.5.2 available)
  google_sign_in 6.3.0 (7.2.0 available)
  google_sign_in_android 6.2.1 (7.2.10 available)
  google_sign_in_ios 5.9.0 (6.3.0 available)
  google_sign_in_mocks 0.3.0 (0.4.1 available)
  google_sign_in_platform_interface 2.5.0 (3.1.0 available)
  google_sign_in_web 0.12.4+4 (1.1.3 available)
  matcher 0.12.19 (0.12.20 available)
  meta 1.17.0 (1.18.2 available)
  package_info_plus 9.0.1 (10.1.0 available)
  package_info_plus_platform_interface 3.2.1 (4.1.0 available)
! path_provider_foundation 2.5.1 (overridden) (2.6.0 available)
  test 1.30.0 (1.31.1 available)
  test_api 0.7.10 (0.7.12 available)
  test_core 0.6.16 (0.6.18 available)
  vector_math 2.2.0 (2.3.0 available)
  win32 5.15.0 (6.2.0 available)
  win32_registry 2.1.0 (3.0.3 available)
  xml 6.6.1 (7.0.1 available)
Got dependencies!
2 packages are discontinued.
68 packages have newer versions incompatible with dependency constraints.
Try `flutter pub outdated` for more information.
Analyzing flutter_bloc_app...
No issues found! (ran in 53.1s)

✅ Analysis complete!
===== ./tool/analyze.sh =====
analyze_exit=0
